Processing seeed_xiao_esp32c3 (platform: espressif32; board: seeed_xiao_esp32c3; framework: arduino)
--------------------------------------------------------------------------------
Verbose mode can be enabled via `-v, --verbose` option
CONFIGURATION: https://docs.platformio.org/page/boards/espressif32/seeed_xiao_esp32c3.html
PLATFORM: Espressif 32 (6.7.0) > Seeed Studio XIAO ESP32C3
HARDWARE: ESP32C3 160MHz, 320KB RAM, 4MB Flash
DEBUG: Current (cmsis-dap) External (cmsis-dap, esp-bridge, esp-builtin, esp-prog, iot-bus-jtag, jlink, minimodule, olimex-arm-usb-ocd, olimex-arm-usb-ocd-h, olimex-arm-usb-tiny-h, olimex-jtag-tiny, tumpa)
PACKAGES: 
 - framework-arduinoespressif32 @ 3.20016.0 (2.0.16) 
 - tool-esptoolpy @ 1.40501.0 (4.5.1) 
 - toolchain-riscv32-esp @ 8.4.0+2021r2-patch5
LDF: Library Dependency Finder -> https://bit.ly/configure-pio-ldf
LDF Modes: Finder ~ chain, Compatibility ~ soft
Warning! Ignoring broken library manifest in C:\Users\h\Documents\Arduino\libraries\MQ7Sensor
Found 133 compatible libraries
Scanning dependencies...
Library Manager: Could not parse manifest -> Extra data: line 1 column 7 (char 6)
Library Manager: Could not parse manifest -> Extra data: line 1 column 7 (char 6)
Dependency Graph
|-- OneWire @ 2.3.8
|-- DallasTemperature @ 4.0.5
Building in release mode
Compiling .pio\build\seeed_xiao_esp32c3\src\App.cpp.o
Compiling .pio\build\seeed_xiao_esp32c3\src\Communicator.cpp.o
Compiling .pio\build\seeed_xiao_esp32c3\src\DS18B20_Sensor.cpp.o
Compiling .pio\build\seeed_xiao_esp32c3\src\DataProcessor.cpp.o
Compiling .pio\build\seeed_xiao_esp32c3\src\Utils.cpp.o
Compiling .pio\build\seeed_xiao_esp32c3\src\main.cpp.o
Compiling .pio\build\seeed_xiao_esp32c3\libd21\FreeRTOS\event_groups.c.o
Compiling .pio\build\seeed_xiao_esp32c3\libd21\FreeRTOS\heap_3.c.o
Compiling .pio\build\seeed_xiao_esp32c3\libd21\FreeRTOS\list.c.o
Compiling .pio\build\seeed_xiao_esp32c3\libd21\FreeRTOS\port.c.o
Compiling .pio\build\seeed_xiao_esp32c3\libd21\FreeRTOS\queue.c.o
Compiling .pio\build\seeed_xiao_esp32c3\libd21\FreeRTOS\stream_buffer.c.o
Compiling .pio\build\seeed_xiao_esp32c3\libd21\FreeRTOS\tasks.c.o
Compiling .pio\build\seeed_xiao_esp32c3\libd21\FreeRTOS\timers.c.o
Compiling .pio\build\seeed_xiao_esp32c3\libd21\FreeRTOS\variantHooks.cpp.o
Compiling .pio\build\seeed_xiao_esp32c3\lib1cb\OneWire\OneWire.cpp.o
Compiling .pio\build\seeed_xiao_esp32c3\lib056\DallasTemperature\DallasTemperature.cpp.o
Compiling .pio\build\seeed_xiao_esp32c3\FrameworkArduino\HWCDC.cpp.o
Compiling .pio\build\seeed_xiao_esp32c3\FrameworkArduino\HardwareSerial.cpp.o
Compiling .pio\build\seeed_xiao_esp32c3\FrameworkArduino\IPAddress.cpp.o
pio : In file included from 
C:/Users/h/Documents/Arduino
/libraries/FreeRTOS/src/Ardu
ino_FreeRTOS.h:58,
위치 줄:1 문자:1
+ pio run 2>&1 | Out-File -F
ilePath "build_log2.txt" -En
coding utf8; Ge ...
+ ~~~~~~~~~~~~
    + CategoryInfo          
    : NotSpecified: (In fi  
  le include..._FreeRTOS.   
 h:58,:String) [], Remot    
eException
    + FullyQualifiedErrorId 
    : NativeCommandError
 
                 from C:/Use
rs/h/Documents/Arduino/libra
ries/FreeRTOS/src/event_grou
ps.c:38:
C:/Users/h/Documents/Arduino
/libraries/FreeRTOS/src/Free
RTOSConfig.h:32:10: fatal er
ror: avr/io.h: No such file 
or directory
 #include <avr/io.h>
          ^~~~~~~~~~
compilation terminated.
*** [.pio\build\seeed_xiao_e
sp32c3\libd21\FreeRTOS\event
_groups.c.o] Error 1
In file included from C:/Use
rs/h/Documents/Arduino/libra
ries/FreeRTOS/src/Arduino_Fr
eeRTOS.h:58,
                 from C:/Use
rs/h/Documents/Arduino/libra
ries/FreeRTOS/src/heap_3.c:4
8:
C:/Users/h/Documents/Arduino
/libraries/FreeRTOS/src/Free
RTOSConfig.h:32:10: fatal er
ror: avr/io.h: No such file 
or directory
 #include <avr/io.h>
          ^~~~~~~~~~
compilation terminated.
*** [.pio\build\seeed_xiao_e
sp32c3\libd21\FreeRTOS\heap_
3.c.o] Error 1
In file included from C:/Use
rs/h/Documents/Arduino/libra
ries/FreeRTOS/src/Arduino_Fr
eeRTOS.h:58,
                 from C:/Use
rs/h/Documents/Arduino/libra
ries/FreeRTOS/src/list.c:37:
C:/Users/h/Documents/Arduino
/libraries/FreeRTOS/src/Free
RTOSConfig.h:32:10: fatal er
ror: avr/io.h: No such file 
or directory
 #include <avr/io.h>
          ^~~~~~~~~~
compilation terminated.
*** [.pio\build\seeed_xiao_e
sp32c3\libd21\FreeRTOS\list.
c.o] Error 1
C:/Users/h/Documents/Arduino
/libraries/FreeRTOS/src/port
.c:32:10: fatal error: avr/i
o.h: No such file or directo
ry
 #include <avr/io.h>
          ^~~~~~~~~~
compilation terminated.
*** [.pio\build\seeed_xiao_e
sp32c3\libd21\FreeRTOS\port.
c.o] Error 1
In file included from C:/Use
rs/h/Documents/Arduino/libra
ries/FreeRTOS/src/Arduino_Fr
eeRTOS.h:58,
                 from C:/Use
rs/h/Documents/Arduino/libra
ries/FreeRTOS/src/timers.c:3
7:
C:/Users/h/Documents/Arduino
/libraries/FreeRTOS/src/Free
RTOSConfig.h:32:10: fatal er
ror: avr/io.h: No such file 
or directory
 #include <avr/io.h>
          ^~~~~~~~~~
compilation terminated.
*** [.pio\build\seeed_xiao_e
sp32c3\libd21\FreeRTOS\timer
s.c.o] Error 1
In file included from C:/Use
rs/h/Documents/Arduino/libra
ries/FreeRTOS/src/Arduino_Fr
eeRTOS.h:58,
                 from C:/Use
rs/h/Documents/Arduino/libra
ries/FreeRTOS/src/queue.c:37
:
C:/Users/h/Documents/Arduino
/libraries/FreeRTOS/src/Free
RTOSConfig.h:32:10: fatal er
ror: avr/io.h: No such file 
or directory
 #include <avr/io.h>
          ^~~~~~~~~~
compilation terminated.
In file included from C:/Use
rs/h/Documents/Arduino/libra
ries/FreeRTOS/src/Arduino_Fr
eeRTOS.h:58,
                 from C:/Use
rs/h/Documents/Arduino/libra
ries/FreeRTOS/src/stream_buf
fer.c:39:
C:/Users/h/Documents/Arduino
/libraries/FreeRTOS/src/Free
RTOSConfig.h:32:10: fatal er
ror: avr/io.h: No such file 
or directory
 #include <avr/io.h>
          ^~~~~~~~~~
compilation terminated.
*** [.pio\build\seeed_xiao_e
sp32c3\libd21\FreeRTOS\queue
.c.o] Error 1
*** [.pio\build\seeed_xiao_e
sp32c3\libd21\FreeRTOS\strea
m_buffer.c.o] Error 1
In file included from C:/Use
rs/h/Documents/Arduino/libra
ries/FreeRTOS/src/Arduino_Fr
eeRTOS.h:58,
                 from C:/Use
rs/h/Documents/Arduino/libra
ries/FreeRTOS/src/tasks.c:39
:
C:/Users/h/Documents/Arduino
/libraries/FreeRTOS/src/Free
RTOSConfig.h:32:10: fatal er
ror: avr/io.h: No such file 
or directory
 #include <avr/io.h>
          ^~~~~~~~~~
compilation terminated.
*** [.pio\build\seeed_xiao_e
sp32c3\libd21\FreeRTOS\tasks
.c.o] Error 1
C:/Users/h/Documents/Arduino
/libraries/FreeRTOS/src/vari
antHooks.cpp:27:10: fatal er
ror: avr/io.h: No such file 
or directory
 #include <avr/io.h>
          ^~~~~~~~~~
compilation terminated.
*** [.pio\build\seeed_xiao_e
sp32c3\libd21\FreeRTOS\varia
ntHooks.cpp.o] Error 1
In file included from C:/Use
rs/h/.platformio/packages/fr
amework-arduinoespressif32/t
ools/sdk/esp32c3/include/fre
ertos/include/freertos/FreeR
TOS.h:57,
                 from C:/Use
rs/h/.platformio/packages/fr
amework-arduinoespressif32/c
ores/esp32/Arduino.h:33,
                 from src/Ap
p.h:7,
                 from src/Ap
p.cpp:2:
C:/Users/h/Documents/Arduino
/libraries/FreeRTOS/src/Free
RTOSConfig.h:32:10: fatal er
ror: avr/io.h: No such file 
or directory
 #include <avr/io.h>
          ^~~~~~~~~~
compilation terminated.
*** [.pio\build\seeed_xiao_e
sp32c3\src\App.cpp.o] Error 
1
In file included from C:/Use
rs/h/.platformio/packages/fr
amework-arduinoespressif32/t
ools/sdk/esp32c3/include/fre
ertos/include/freertos/FreeR
TOS.h:57,
                 from C:/Use
rs/h/.platformio/packages/fr
amework-arduinoespressif32/c
ores/esp32/Arduino.h:33,
                 from src/Co
mmunicator.h:7,
                 from src/Co
mmunicator.cpp:1:
C:/Users/h/Documents/Arduino
/libraries/FreeRTOS/src/Free
RTOSConfig.h:32:10: fatal er
ror: avr/io.h: No such file 
or directory
 #include <avr/io.h>
          ^~~~~~~~~~
compilation terminated.
*** [.pio\build\seeed_xiao_e
sp32c3\src\Communicator.cpp.
o] Error 1
In file included from C:/Use
rs/h/.platformio/packages/fr
amework-arduinoespressif32/t
ools/sdk/esp32c3/include/fre
ertos/include/freertos/FreeR
TOS.h:57,
                 from C:/Use
rs/h/.platformio/packages/fr
amework-arduinoespressif32/c
ores/esp32/Arduino.h:33,
                 from C:/Use
rs/h/Documents/Arduino/libra
ries/OneWire/OneWire.h:13,
                 from src/DS
18B20_Sensor.h:4,
                 from src/DS
18B20_Sensor.cpp:1:
C:/Users/h/Documents/Arduino
/libraries/FreeRTOS/src/Free
RTOSConfig.h:32:10: fatal er
ror: avr/io.h: No such file 
or directory
 #include <avr/io.h>
          ^~~~~~~~~~
compilation terminated.
*** [.pio\build\seeed_xiao_e
sp32c3\src\DS18B20_Sensor.cp
p.o] Error 1
In file included from C:/Use
rs/h/.platformio/packages/fr
amework-arduinoespressif32/t
ools/sdk/esp32c3/include/fre
ertos/include/freertos/FreeR
TOS.h:57,
                 from C:/Use
rs/h/.platformio/packages/fr
amework-arduinoespressif32/c
ores/esp32/Arduino.h:33,
                 from C:/Use
rs/h/Documents/Arduino/libra
ries/OneWire/OneWire.h:13,
                 from src/DS
18B20_Sensor.h:4,
                 from src/Da
taProcessor.h:4,
                 from src/Da
taProcessor.cpp:1:
C:/Users/h/Documents/Arduino
/libraries/FreeRTOS/src/Free
RTOSConfig.h:32:10: fatal er
ror: avr/io.h: No such file 
or directory
 #include <avr/io.h>
          ^~~~~~~~~~
compilation terminated.
In file included from C:/Use
rs/h/.platformio/packages/fr
amework-arduinoespressif32/t
ools/sdk/esp32c3/include/fre
ertos/include/freertos/FreeR
TOS.h:57,
                 from C:/Use
rs/h/.platformio/packages/fr
amework-arduinoespressif32/c
ores/esp32/Arduino.h:33,
                 from C:/Use
rs/h/Documents/Arduino/libra
ries/DallasTemperature/Dalla
sTemperature.h:17,
                 from src/Ut
ils.h:7,
                 from src/Ut
ils.cpp:1:
C:/Users/h/Documents/Arduino
/libraries/FreeRTOS/src/Free
RTOSConfig.h:32:10: fatal er
ror: avr/io.h: No such file 
or directory
 #include <avr/io.h>
          ^~~~~~~~~~
compilation terminated.
*** [.pio\build\seeed_xiao_e
sp32c3\src\DataProcessor.cpp
.o] Error 1
*** [.pio\build\seeed_xiao_e
sp32c3\src\Utils.cpp.o] Erro
r 1
In file included from C:/Use
rs/h/.platformio/packages/fr
amework-arduinoespressif32/t
ools/sdk/esp32c3/include/fre
ertos/include/freertos/FreeR
TOS.h:57,
                 from C:/Use
rs/h/.platformio/packages/fr
amework-arduinoespressif32/c
ores/esp32/Arduino.h:33,
                 from C:/Use
rs/h/Documents/Arduino/libra
ries/OneWire/OneWire.h:13,
                 from src/DS
18B20_Sensor.h:4,
                 from src/ma
in.cpp:12:
C:/Users/h/Documents/Arduino
/libraries/FreeRTOS/src/Free
RTOSConfig.h:32:10: fatal er
ror: avr/io.h: No such file 
or directory
 #include <avr/io.h>
          ^~~~~~~~~~
compilation terminated.
*** [.pio\build\seeed_xiao_e
sp32c3\src\main.cpp.o] Error
 1
In file included from C:/Use
rs/h/.platformio/packages/fr
amework-arduinoespressif32/t
ools/sdk/esp32c3/include/fre
ertos/include/freertos/FreeR
TOS.h:57,
                 from C:/Use
rs/h/.platformio/packages/fr
amework-arduinoespressif32/c
ores/esp32/Arduino.h:33,
                 from C:/Use
rs/h/Documents/Arduino/libra
ries/OneWire/OneWire.cpp:147
:
C:/Users/h/Documents/Arduino
/libraries/FreeRTOS/src/Free
RTOSConfig.h:32:10: fatal er
ror: avr/io.h: No such file 
or directory
 #include <avr/io.h>
          ^~~~~~~~~~
compilation terminated.
*** [.pio\build\seeed_xiao_e
sp32c3\lib1cb\OneWire\OneWir
e.cpp.o] Error 1
In file included from C:/Use
rs/h/.platformio/packages/fr
amework-arduinoespressif32/t
ools/sdk/esp32c3/include/fre
ertos/include/freertos/FreeR
TOS.h:57,
                 from C:/Use
rs/h/.platformio/packages/fr
amework-arduinoespressif32/c
ores/esp32/Arduino.h:33,
                 from C:/Use
rs/h/Documents/Arduino/libra
ries/DallasTemperature/Dalla
sTemperature.h:17,
                 from C:/Use
rs/h/Documents/Arduino/libra
ries/DallasTemperature/Dalla
sTemperature.cpp:1:
C:/Users/h/Documents/Arduino
/libraries/FreeRTOS/src/Free
RTOSConfig.h:32:10: fatal er
ror: avr/io.h: No such file 
or directory
 #include <avr/io.h>
          ^~~~~~~~~~
compilation terminated.
*** [.pio\build\seeed_xiao_e
sp32c3\lib056\DallasTemperat
ure\DallasTemperature.cpp.o]
 Error 1
========================== [
FAILED] Took 7.47 seconds ==
========================
